-------------------------------------------------------------------------------
Test set: com.bbd.AppTest
-------------------------------------------------------------------------------
Tests run: 2, Failures: 1, Errors: 0, Skipped: 0, Time elapsed: 0.019 sec <<< FAILURE! - in com.bbd.AppTest
courseClassTest  Time elapsed: 0.008 sec  <<< FAILURE!
org.opentest4j.AssertionFailedError: expected: <3> but was: <2>
	at com.bbd.AppTest.courseClassTest(AppTest.java:71)

